[debug] [2026-03-23T02:19:04.795Z] ----------------------------------------------------------------------
[debug] [2026-03-23T02:19:04.797Z] Command:       C:\Program Files\nodejs\node.exe C:\Users\WAY\AppData\Roaming\npm\node_modules\firebase-tools\lib\bin\firebase.js deploy --only functions
[debug] [2026-03-23T02:19:04.797Z] CLI Version:   15.10.0
[debug] [2026-03-23T02:19:04.797Z] Platform:      win32
[debug] [2026-03-23T02:19:04.797Z] Node Version:  v24.11.1
[debug] [2026-03-23T02:19:04.797Z] Time:          Mon Mar 23 2026 11:19:04 GMT+0900 (대한민국 표준시)
[debug] [2026-03-23T02:19:04.798Z] ----------------------------------------------------------------------
[debug] 
[debug] [2026-03-23T02:19:05.853Z] > command requires scopes: ["email","openid","https://www.googleapis.com/auth/cloudplatformprojects.readonly","https://www.googleapis.com/auth/firebase","https://www.googleapis.com/auth/cloud-platform"]
[debug] [2026-03-23T02:19:05.853Z] > authorizing via signed-in user (way@dongyeongtour.co.kr)
[debug] [2026-03-23T02:19:05.853Z] [iam] checking project buslink-prod for permissions ["cloudfunctions.functions.create","cloudfunctions.functions.delete","cloudfunctions.functions.get","cloudfunctions.functions.list","cloudfunctions.functions.update","cloudfunctions.operations.get","firebase.projects.get"]
[debug] [2026-03-23T02:19:05.853Z] Checked if tokens are valid: true, expires at: 1774235253878
[debug] [2026-03-23T02:19:05.854Z] Checked if tokens are valid: true, expires at: 1774235253878
[debug] [2026-03-23T02:19:05.854Z] >>> [apiv2][query] POST https://cloudresourcemanager.googleapis.com/v1/projects/buslink-prod:testIamPermissions [none]
[debug] [2026-03-23T02:19:05.854Z] >>> [apiv2][(partial)header] POST https://cloudresourcemanager.googleapis.com/v1/projects/buslink-prod:testIamPermissions  x-goog-user-project=buslink-prod
[debug] [2026-03-23T02:19:05.854Z] >>> [apiv2][body] POST https://cloudresourcemanager.googleapis.com/v1/projects/buslink-prod:testIamPermissions {"permissions":["cloudfunctions.functions.create","cloudfunctions.functions.delete","cloudfunctions.functions.get","cloudfunctions.functions.list","cloudfunctions.functions.update","cloudfunctions.operations.get","firebase.projects.get"]}
[debug] [2026-03-23T02:19:06.101Z] <<< [apiv2][status] POST https://cloudresourcemanager.googleapis.com/v1/projects/buslink-prod:testIamPermissions 200
[debug] [2026-03-23T02:19:06.101Z] <<< [apiv2][body] POST https://cloudresourcemanager.googleapis.com/v1/projects/buslink-prod:testIamPermissions {"permissions":["cloudfunctions.functions.create","cloudfunctions.functions.delete","cloudfunctions.functions.get","cloudfunctions.functions.list","cloudfunctions.functions.update","cloudfunctions.operations.get","firebase.projects.get"]}
[debug] [2026-03-23T02:19:06.102Z] Checked if tokens are valid: true, expires at: 1774235253878
[debug] [2026-03-23T02:19:06.102Z] Checked if tokens are valid: true, expires at: 1774235253878
[debug] [2026-03-23T02:19:06.102Z] >>> [apiv2][query] POST https://iam.googleapis.com/v1/projects/buslink-prod/serviceAccounts/buslink-prod@appspot.gserviceaccount.com:testIamPermissions [none]
[debug] [2026-03-23T02:19:06.102Z] >>> [apiv2][body] POST https://iam.googleapis.com/v1/projects/buslink-prod/serviceAccounts/buslink-prod@appspot.gserviceaccount.com:testIamPermissions {"permissions":["iam.serviceAccounts.actAs"]}
[debug] [2026-03-23T02:19:07.154Z] <<< [apiv2][status] POST https://iam.googleapis.com/v1/projects/buslink-prod/serviceAccounts/buslink-prod@appspot.gserviceaccount.com:testIamPermissions 200
[debug] [2026-03-23T02:19:07.154Z] <<< [apiv2][body] POST https://iam.googleapis.com/v1/projects/buslink-prod/serviceAccounts/buslink-prod@appspot.gserviceaccount.com:testIamPermissions {"permissions":["iam.serviceAccounts.actAs"]}
[info] 
[info] === Deploying to 'buslink-prod'...
[info] 
[info] i  deploying functions 
[debug] [2026-03-23T02:19:07.156Z] Checked if tokens are valid: true, expires at: 1774235253878
[debug] [2026-03-23T02:19:07.156Z] Checked if tokens are valid: true, expires at: 1774235253878
[debug] [2026-03-23T02:19:07.156Z] >>> [apiv2][query] GET https://cloudresourcemanager.googleapis.com/v1/projects/buslink-prod [none]
[debug] [2026-03-23T02:19:07.384Z] <<< [apiv2][status] GET https://cloudresourcemanager.googleapis.com/v1/projects/buslink-prod 200
[debug] [2026-03-23T02:19:07.384Z] <<< [apiv2][body] GET https://cloudresourcemanager.googleapis.com/v1/projects/buslink-prod {"projectNumber":"1040702853398","projectId":"buslink-prod","lifecycleState":"ACTIVE","name":"buslink-prod","labels":{"firebase":"enabled","firebase-core":"disabled"},"createTime":"2026-03-08T06:32:00.723990Z","parent":{"type":"organization","id":"804940668928"}}
[info] i  functions: preparing codebase default for deployment 
[info] i  functions: ensuring required API cloudfunctions.googleapis.com is enabled... 
[info] i  functions: ensuring required API cloudbuild.googleapis.com is enabled... 
[info] i  artifactregistry: ensuring required API artifactregistry.googleapis.com is enabled... 
[debug] [2026-03-23T02:19:07.386Z] Checked if tokens are valid: true, expires at: 1774235253878
[debug] [2026-03-23T02:19:07.386Z] Checked if tokens are valid: true, expires at: 1774235253878
[debug] [2026-03-23T02:19:07.386Z] >>> [apiv2][query] GET https://firebase.googleapis.com/v1beta1/projects/buslink-prod/adminSdkConfig [none]
[debug] [2026-03-23T02:19:07.816Z] <<< [apiv2][status] GET https://firebase.googleapis.com/v1beta1/projects/buslink-prod/adminSdkConfig 200
[debug] [2026-03-23T02:19:07.816Z] <<< [apiv2][body] GET https://firebase.googleapis.com/v1beta1/projects/buslink-prod/adminSdkConfig {"projectId":"buslink-prod","storageBucket":"buslink-prod.firebasestorage.app"}
[debug] [2026-03-23T02:19:07.816Z] Checked if tokens are valid: true, expires at: 1774235253878
[debug] [2026-03-23T02:19:07.816Z] Checked if tokens are valid: true, expires at: 1774235253878
[debug] [2026-03-23T02:19:07.816Z] >>> [apiv2][query] GET https://runtimeconfig.googleapis.com/v1beta1/projects/buslink-prod/configs [none]
[debug] [2026-03-23T02:19:08.188Z] <<< [apiv2][status] GET https://runtimeconfig.googleapis.com/v1beta1/projects/buslink-prod/configs 200
[debug] [2026-03-23T02:19:08.188Z] <<< [apiv2][body] GET https://runtimeconfig.googleapis.com/v1beta1/projects/buslink-prod/configs {}
[debug] [2026-03-23T02:19:08.189Z] Validating nodejs source
[debug] [2026-03-23T02:19:08.700Z] > [functions] package.json contents: {
  "name": "buslink-functions",
  "description": "BusLink Cloud Functions",
  "scripts": {
    "serve": "firebase emulators:start --only functions",
    "deploy": "firebase deploy --only functions"
  },
  "engines": {
    "node": "20"
  },
  "main": "index.js",
  "dependencies": {
    "firebase-admin": "^12.7.0",
    "firebase-functions": "^7.2.2"
  },
  "version": "1.0.0",
  "keywords": [],
  "author": "",
  "license": "ISC",
  "type": "commonjs"
}
[debug] [2026-03-23T02:19:08.701Z] Building nodejs source
[info] i  functions: Loading and analyzing source code for codebase default to determine what to deploy 
[debug] [2026-03-23T02:19:08.701Z] Could not find functions.yaml. Must use http discovery
[debug] [2026-03-23T02:19:08.705Z] Found firebase-functions binary at 'D:\firebase\buslink\functions\node_modules\.bin\firebase-functions'
[info] Serving at port 8344

[debug] [2026-03-23T02:19:09.030Z] Got response from /__/functions.yaml {"endpoints":{"sendNoticeToCompany":{"availableMemoryMb":null,"timeoutSeconds":null,"minInstances":null,"maxInstances":null,"ingressSettings":null,"concurrency":null,"serviceAccountEmail":null,"vpc":null,"platform":"gcfv2","labels":{},"eventTrigger":{"eventType":"google.cloud.firestore.document.v1.created","eventFilters":{"database":"(default)","namespace":"(default)"},"eventFilterPathPatterns":{"document":"fcmQueue/{queueId}"},"retry":false},"entryPoint":"sendNoticeToCompany"},"createDriver":{"availableMemoryMb":null,"timeoutSeconds":null,"minInstances":null,"maxInstances":null,"ingressSettings":null,"concurrency":null,"serviceAccountEmail":null,"vpc":null,"platform":"gcfv2","labels":{},"callableTrigger":{},"entryPoint":"createDriver"},"deleteDriver":{"availableMemoryMb":null,"timeoutSeconds":null,"minInstances":null,"maxInstances":null,"ingressSettings":null,"concurrency":null,"serviceAccountEmail":null,"vpc":null,"platform":"gcfv2","labels":{},"callableTrigger":{},"entryPoint":"deleteDriver"},"updateDriverPassword":{"availableMemoryMb":null,"timeoutSeconds":null,"minInstances":null,"maxInstances":null,"ingressSettings":null,"concurrency":null,"serviceAccountEmail":null,"vpc":null,"platform":"gcfv2","labels":{},"callableTrigger":{},"entryPoint":"updateDriverPassword"},"createDriverAuth":{"availableMemoryMb":null,"timeoutSeconds":null,"minInstances":null,"maxInstances":null,"ingressSettings":null,"concurrency":null,"serviceAccountEmail":null,"vpc":null,"platform":"gcfv2","labels":{},"callableTrigger":{},"entryPoint":"createDriverAuth"}},"specVersion":"v1alpha1","requiredAPIs":[],"extensions":{}}
[info] i  extensions: ensuring required API firebaseextensions.googleapis.com is enabled... 
[debug] [2026-03-23T02:19:13.063Z] > command requires scopes: ["email","openid","https://www.googleapis.com/auth/cloudplatformprojects.readonly","https://www.googleapis.com/auth/firebase","https://www.googleapis.com/auth/cloud-platform"]
[debug] [2026-03-23T02:19:13.063Z] > authorizing via signed-in user (way@dongyeongtour.co.kr)
[debug] [2026-03-23T02:19:13.063Z] [iam] checking project buslink-prod for permissions ["firebase.projects.get","firebaseextensions.instances.list"]
[debug] [2026-03-23T02:19:13.063Z] Checked if tokens are valid: true, expires at: 1774235253878
[debug] [2026-03-23T02:19:13.063Z] Checked if tokens are valid: true, expires at: 1774235253878
[debug] [2026-03-23T02:19:13.063Z] >>> [apiv2][query] POST https://cloudresourcemanager.googleapis.com/v1/projects/buslink-prod:testIamPermissions [none]
[debug] [2026-03-23T02:19:13.063Z] >>> [apiv2][(partial)header] POST https://cloudresourcemanager.googleapis.com/v1/projects/buslink-prod:testIamPermissions  x-goog-user-project=buslink-prod
[debug] [2026-03-23T02:19:13.063Z] >>> [apiv2][body] POST https://cloudresourcemanager.googleapis.com/v1/projects/buslink-prod:testIamPermissions {"permissions":["firebase.projects.get","firebaseextensions.instances.list"]}
[debug] [2026-03-23T02:19:13.281Z] <<< [apiv2][status] POST https://cloudresourcemanager.googleapis.com/v1/projects/buslink-prod:testIamPermissions 200
[debug] [2026-03-23T02:19:13.281Z] <<< [apiv2][body] POST https://cloudresourcemanager.googleapis.com/v1/projects/buslink-prod:testIamPermissions {"permissions":["firebase.projects.get","firebaseextensions.instances.list"]}
[debug] [2026-03-23T02:19:13.281Z] Checked if tokens are valid: true, expires at: 1774235253878
[debug] [2026-03-23T02:19:13.281Z] Checked if tokens are valid: true, expires at: 1774235253878
[debug] [2026-03-23T02:19:13.281Z] >>> [apiv2][query] GET https://firebaseextensions.googleapis.com/v1beta/projects/buslink-prod/instances pageSize=100&pageToken=
[debug] [2026-03-23T02:19:14.218Z] <<< [apiv2][status] GET https://firebaseextensions.googleapis.com/v1beta/projects/buslink-prod/instances 200
[debug] [2026-03-23T02:19:14.218Z] <<< [apiv2][body] GET https://firebaseextensions.googleapis.com/v1beta/projects/buslink-prod/instances {}
[info] i  functions: preparing functions directory for uploading... 
[info] i  functions: packaged D:\firebase\buslink\functions (32 KB) for uploading 
[debug] [2026-03-23T02:19:14.235Z] Checked if tokens are valid: true, expires at: 1774235253878
[debug] [2026-03-23T02:19:14.235Z] Checked if tokens are valid: true, expires at: 1774235253878
[debug] [2026-03-23T02:19:14.235Z] >>> [apiv2][query] GET https://cloudfunctions.googleapis.com/v1/projects/buslink-prod/locations/-/functions [none]
[debug] [2026-03-23T02:19:15.156Z] <<< [apiv2][status] GET https://cloudfunctions.googleapis.com/v1/projects/buslink-prod/locations/-/functions 200
[debug] [2026-03-23T02:19:15.156Z] <<< [apiv2][body] GET https://cloudfunctions.googleapis.com/v1/projects/buslink-prod/locations/-/functions {}
[debug] [2026-03-23T02:19:15.156Z] Checked if tokens are valid: true, expires at: 1774235253878
[debug] [2026-03-23T02:19:15.156Z] Checked if tokens are valid: true, expires at: 1774235253878
[debug] [2026-03-23T02:19:15.157Z] >>> [apiv2][query] GET https://cloudfunctions.googleapis.com/v2/projects/buslink-prod/locations/-/functions filter=environment%3D%22GEN_2%22
[debug] [2026-03-23T02:19:17.741Z] <<< [apiv2][status] GET https://cloudfunctions.googleapis.com/v2/projects/buslink-prod/locations/-/functions 200
[debug] [2026-03-23T02:19:17.741Z] <<< [apiv2][body] GET https://cloudfunctions.googleapis.com/v2/projects/buslink-prod/locations/-/functions {"functions":[{"name":"projects/buslink-prod/locations/us-central1/functions/deleteDriver","buildConfig":{"build":"projects/1040702853398/locations/us-central1/builds/742ab6f9-8289-4c20-8e2a-25ff718ffb67","runtime":"nodejs22","entryPoint":"deleteDriver","source":{"storageSource":{"bucket":"gcf-v2-sources-1040702853398-us-central1","object":"deleteDriver/function-source.zip","generation":"1774228476391869"}},"environmentVariables":{"GOOGLE_NODE_RUN_SCRIPTS":""},"dockerRepository":"projects/buslink-prod/locations/us-central1/repositories/gcf-artifacts","sourceProvenance":{"resolvedStorageSource":{"bucket":"gcf-v2-sources-1040702853398-us-central1","object":"deleteDriver/function-source.zip","generation":"1774228476391869"}},"dockerRegistry":"ARTIFACT_REGISTRY","serviceAccount":"projects/buslink-prod/serviceAccounts/1040702853398-compute@developer.gserviceaccount.com","automaticUpdatePolicy":{}},"serviceConfig":{"service":"projects/buslink-prod/locations/us-central1/services/deletedriver","timeoutSeconds":60,"environmentVariables":{"FIREBASE_CONFIG":"{\"projectId\":\"buslink-prod\",\"storageBucket\":\"buslink-prod.firebasestorage.app\"}","GCLOUD_PROJECT":"buslink-prod","EVENTARC_CLOUD_EVENT_SOURCE":"projects/buslink-prod/locations/us-central1/services/deleteDriver","FUNCTION_TARGET":"deleteDriver","LOG_EXECUTION_ID":"true","FUNCTION_SIGNATURE_TYPE":"http"},"maxInstanceCount":20,"ingressSettings":"ALLOW_ALL","uri":"https://deletedriver-qg3deapdcq-uc.a.run.app","serviceAccountEmail":"1040702853398-compute@developer.gserviceaccount.com","availableMemory":"256Mi","allTrafficOnLatestRevision":true,"revision":"deletedriver-00006-moj","maxInstanceRequestConcurrency":80,"availableCpu":"1"},"state":"ACTIVE","updateTime":"2026-03-23T01:14:48.732778384Z","labels":{"firebase-functions-hash":"ec823b28985c8a43ff782b225ea0a1640509e3bc","deployment-tool":"cli-firebase","deployment-callable":"true"},"environment":"GEN_2","url":"https://us-central1-buslink-prod.cloudfunctions.net/deleteDriver","createTime":"2026-03-20T08:24:06.143528215Z","satisfiesPzi":true},{"name":"projects/buslink-prod/locations/us-central1/functions/createDriverAuth","buildConfig":{"build":"projects/1040702853398/locations/us-central1/builds/742ab6f9-8289-4c20-8e2a-25ff718ffb67","runtime":"nodejs22","entryPoint":"createDriverAuth","source":{"storageSource":{"bucket":"gcf-v2-sources-1040702853398-us-central1","object":"createDriverAuth/function-source.zip","generation":"1774228476334740"}},"environmentVariables":{"GOOGLE_NODE_RUN_SCRIPTS":""},"dockerRepository":"projects/buslink-prod/locations/us-central1/repositories/gcf-artifacts","sourceProvenance":{"resolvedStorageSource":{"bucket":"gcf-v2-sources-1040702853398-us-central1","object":"createDriverAuth/function-source.zip","generation":"1774228476334740"}},"dockerRegistry":"ARTIFACT_REGISTRY","serviceAccount":"projects/buslink-prod/serviceAccounts/1040702853398-compute@developer.gserviceaccount.com","automaticUpdatePolicy":{}},"serviceConfig":{"service":"projects/buslink-prod/locations/us-central1/services/createdriverauth","timeoutSeconds":60,"environmentVariables":{"FIREBASE_CONFIG":"{\"projectId\":\"buslink-prod\",\"storageBucket\":\"buslink-prod.firebasestorage.app\"}","GCLOUD_PROJECT":"buslink-prod","EVENTARC_CLOUD_EVENT_SOURCE":"projects/buslink-prod/locations/us-central1/services/createDriverAuth","FUNCTION_TARGET":"createDriverAuth","LOG_EXECUTION_ID":"true","FUNCTION_SIGNATURE_TYPE":"http"},"maxInstanceCount":20,"ingressSettings":"ALLOW_ALL","uri":"https://createdriverauth-qg3deapdcq-uc.a.run.app","serviceAccountEmail":"1040702853398-compute@developer.gserviceaccount.com","availableMemory":"256Mi","allTrafficOnLatestRevision":true,"revision":"createdriverauth-00003-jif","maxInstanceRequestConcurrency":80,"availableCpu":"1"},"state":"ACTIVE","updateTime":"2026-03-23T01:14:47.709476043Z","labels":{"deployment-callable":"true","firebase-functions-hash":"ec823b28985c8a43ff782b225ea0a1640509e3bc","deployment-tool":"cli-firebase"},"environment":"GEN_2","url":"https://us-central1-buslink-prod.cloudfunctions.net/createDriverAuth","createTime":"2026-03-20T13:10:42.788891345Z","satisfiesPzi":true},{"name":"projects/buslink-prod/locations/us-central1/functions/sendNoticeToCompany","buildConfig":{"build":"projects/1040702853398/locations/us-central1/builds/742ab6f9-8289-4c20-8e2a-25ff718ffb67","runtime":"nodejs22","entryPoint":"sendNoticeToCompany","source":{"storageSource":{"bucket":"gcf-v2-sources-1040702853398-us-central1","object":"sendNoticeToCompany/function-source.zip","generation":"1774228418941848"}},"environmentVariables":{"GOOGLE_NODE_RUN_SCRIPTS":""},"dockerRepository":"projects/buslink-prod/locations/us-central1/repositories/gcf-artifacts","sourceProvenance":{"resolvedStorageSource":{"bucket":"gcf-v2-sources-1040702853398-us-central1","object":"sendNoticeToCompany/function-source.zip","generation":"1774228418941848"}},"dockerRegistry":"ARTIFACT_REGISTRY","serviceAccount":"projects/buslink-prod/serviceAccounts/1040702853398-compute@developer.gserviceaccount.com","automaticUpdatePolicy":{}},"serviceConfig":{"service":"projects/buslink-prod/locations/us-central1/services/sendnoticetocompany","timeoutSeconds":60,"environmentVariables":{"FIREBASE_CONFIG":"{\"projectId\":\"buslink-prod\",\"storageBucket\":\"buslink-prod.firebasestorage.app\"}","GCLOUD_PROJECT":"buslink-prod","EVENTARC_CLOUD_EVENT_SOURCE":"projects/buslink-prod/locations/us-central1/services/sendNoticeToCompany","FUNCTION_SIGNATURE_TYPE":"cloudevent","FUNCTION_TARGET":"sendNoticeToCompany","LOG_EXECUTION_ID":"true"},"maxInstanceCount":20,"ingressSettings":"ALLOW_ALL","uri":"https://sendnoticetocompany-qg3deapdcq-uc.a.run.app","serviceAccountEmail":"1040702853398-compute@developer.gserviceaccount.com","availableMemory":"256Mi","allTrafficOnLatestRevision":true,"revision":"sendnoticetocompany-00002-zih","maxInstanceRequestConcurrency":80,"availableCpu":"1"},"eventTrigger":{"trigger":"projects/buslink-prod/locations/asia-northeast3/triggers/sendnoticetocompany-069852","triggerRegion":"asia-northeast3","eventType":"google.cloud.firestore.document.v1.created","eventFilters":[{"attribute":"namespace","value":"(default)"},{"attribute":"document","value":"fcmQueue/{queueId}","operator":"match-path-pattern"},{"attribute":"database","value":"(default)"}],"pubsubTopic":"projects/buslink-prod/topics/eventarc-asia-northeast3-sendnoticetocompany-069852-430","serviceAccountEmail":"1040702853398-compute@developer.gserviceaccount.com","retryPolicy":"RETRY_POLICY_DO_NOT_RETRY"},"state":"ACTIVE","updateTime":"2026-03-23T01:14:51.020551295Z","labels":{"deployment-tool":"cli-firebase","firebase-functions-hash":"ec823b28985c8a43ff782b225ea0a1640509e3bc"},"environment":"GEN_2","url":"https://us-central1-buslink-prod.cloudfunctions.net/sendNoticeToCompany","createTime":"2026-03-22T08:14:15.291868264Z","satisfiesPzi":true},{"name":"projects/buslink-prod/locations/us-central1/functions/updateDriverPassword","buildConfig":{"build":"projects/1040702853398/locations/us-central1/builds/742ab6f9-8289-4c20-8e2a-25ff718ffb67","runtime":"nodejs22","entryPoint":"updateDriverPassword","source":{"storageSource":{"bucket":"gcf-v2-sources-1040702853398-us-central1","object":"updateDriverPassword/function-source.zip","generation":"1774228476341050"}},"environmentVariables":{"GOOGLE_NODE_RUN_SCRIPTS":""},"dockerRepository":"projects/buslink-prod/locations/us-central1/repositories/gcf-artifacts","sourceProvenance":{"resolvedStorageSource":{"bucket":"gcf-v2-sources-1040702853398-us-central1","object":"updateDriverPassword/function-source.zip","generation":"1774228476341050"}},"dockerRegistry":"ARTIFACT_REGISTRY","serviceAccount":"projects/buslink-prod/serviceAccounts/1040702853398-compute@developer.gserviceaccount.com","automaticUpdatePolicy":{}},"serviceConfig":{"service":"projects/buslink-prod/locations/us-central1/services/updatedriverpassword","timeoutSeconds":60,"environmentVariables":{"FIREBASE_CONFIG":"{\"projectId\":\"buslink-prod\",\"storageBucket\":\"buslink-prod.firebasestorage.app\"}","GCLOUD_PROJECT":"buslink-prod","EVENTARC_CLOUD_EVENT_SOURCE":"projects/buslink-prod/locations/us-central1/services/updateDriverPassword","FUNCTION_TARGET":"updateDriverPassword","LOG_EXECUTION_ID":"true","FUNCTION_SIGNATURE_TYPE":"http"},"maxInstanceCount":20,"ingressSettings":"ALLOW_ALL","uri":"https://updatedriverpassword-qg3deapdcq-uc.a.run.app","serviceAccountEmail":"1040702853398-compute@developer.gserviceaccount.com","availableMemory":"256Mi","allTrafficOnLatestRevision":true,"revision":"updatedriverpassword-00004-joj","maxInstanceRequestConcurrency":80,"availableCpu":"1"},"state":"ACTIVE","updateTime":"2026-03-23T01:14:47.774138189Z","labels":{"deployment-tool":"cli-firebase","deployment-callable":"true","firebase-functions-hash":"ec823b28985c8a43ff782b225ea0a1640509e3bc"},"environment":"GEN_2","url":"https://us-central1-buslink-prod.cloudfunctions.net/updateDriverPassword","createTime":"2026-03-20T13:02:55.222246011Z","satisfiesPzi":true},{"name":"projects/buslink-prod/locations/us-central1/functions/createDriver","buildConfig":{"build":"projects/1040702853398/locations/us-central1/builds/742ab6f9-8289-4c20-8e2a-25ff718ffb67","runtime":"nodejs22","entryPoint":"createDriver","source":{"storageSource":{"bucket":"gcf-v2-sources-1040702853398-us-central1","object":"createDriver/function-source.zip","generation":"1774228476343492"}},"environmentVariables":{"GOOGLE_NODE_RUN_SCRIPTS":""},"dockerRepository":"projects/buslink-prod/locations/us-central1/repositories/gcf-artifacts","sourceProvenance":{"resolvedStorageSource":{"bucket":"gcf-v2-sources-1040702853398-us-central1","object":"createDriver/function-source.zip","generation":"1774228476343492"}},"dockerRegistry":"ARTIFACT_REGISTRY","serviceAccount":"projects/buslink-prod/serviceAccounts/1040702853398-compute@developer.gserviceaccount.com","automaticUpdatePolicy":{}},"serviceConfig":{"service":"projects/buslink-prod/locations/us-central1/services/createdriver","timeoutSeconds":60,"environmentVariables":{"FIREBASE_CONFIG":"{\"projectId\":\"buslink-prod\",\"storageBucket\":\"buslink-prod.firebasestorage.app\"}","GCLOUD_PROJECT":"buslink-prod","EVENTARC_CLOUD_EVENT_SOURCE":"projects/buslink-prod/locations/us-central1/services/createDriver","FUNCTION_TARGET":"createDriver","LOG_EXECUTION_ID":"true","FUNCTION_SIGNATURE_TYPE":"http"},"maxInstanceCount":20,"ingressSettings":"ALLOW_ALL","uri":"https://createdriver-qg3deapdcq-uc.a.run.app","serviceAccountEmail":"1040702853398-compute@developer.gserviceaccount.com","availableMemory":"256Mi","allTrafficOnLatestRevision":true,"revision":"createdriver-00006-rel","maxInstanceRequestConcurrency":80,"availableCpu":"1"},"state":"ACTIVE","updateTime":"2026-03-23T01:14:47.693844540Z","labels":{"deployment-tool":"cli-firebase","deployment-callable":"true","firebase-functions-hash":"ec823b28985c8a43ff782b225ea0a1640509e3bc"},"environment":"GEN_2","url":"https://us-central1-buslink-prod.cloudfunctions.net/createDriver","createTime":"2026-03-20T08:23:09.074948917Z","satisfiesPzi":true}]}
[debug] [2026-03-23T02:19:17.743Z] Checked if tokens are valid: true, expires at: 1774235253878
[debug] [2026-03-23T02:19:17.743Z] Checked if tokens are valid: true, expires at: 1774235253878
[debug] [2026-03-23T02:19:17.743Z] >>> [apiv2][query] GET https://firestore.googleapis.com/v1/projects/buslink-prod/databases/(default) [none]
[debug] [2026-03-23T02:19:17.907Z] <<< [apiv2][status] GET https://firestore.googleapis.com/v1/projects/buslink-prod/databases/(default) 200
[debug] [2026-03-23T02:19:17.907Z] <<< [apiv2][body] GET https://firestore.googleapis.com/v1/projects/buslink-prod/databases/(default) {"name":"projects/buslink-prod/databases/(default)","uid":"0ab36d4b-cbbc-4006-a1dc-b84dcdb35e87","createTime":"2026-03-08T07:55:34.172345Z","updateTime":"2026-03-08T07:55:34.172345Z","locationId":"asia-northeast3","type":"FIRESTORE_NATIVE","concurrencyMode":"PESSIMISTIC","versionRetentionPeriod":"3600s","earliestVersionTime":"2026-03-23T01:19:21.874011Z","appEngineIntegrationMode":"DISABLED","keyPrefix":"v","pointInTimeRecoveryEnablement":"POINT_IN_TIME_RECOVERY_DISABLED","deleteProtectionState":"DELETE_PROTECTION_DISABLED","databaseEdition":"STANDARD","freeTier":true,"realtimeUpdatesMode":"REALTIME_UPDATES_MODE_ENABLED","etag":"IOjhts36tJMDMKnr7MiSkJMD"}
[info] i  functions: ensuring required API run.googleapis.com is enabled... 
[info] i  functions: ensuring required API eventarc.googleapis.com is enabled... 
[info] i  functions: ensuring required API pubsub.googleapis.com is enabled... 
[info] i  functions: ensuring required API storage.googleapis.com is enabled... 
[info] i  functions: generating the service identity for pubsub.googleapis.com... 
[debug] [2026-03-23T02:19:17.911Z] Checked if tokens are valid: true, expires at: 1774235253878
[debug] [2026-03-23T02:19:17.911Z] Checked if tokens are valid: true, expires at: 1774235253878
[info] i  functions: generating the service identity for eventarc.googleapis.com... 
[debug] [2026-03-23T02:19:17.911Z] Checked if tokens are valid: true, expires at: 1774235253878
[debug] [2026-03-23T02:19:17.911Z] Checked if tokens are valid: true, expires at: 1774235253878
[debug] [2026-03-23T02:19:17.911Z] >>> [apiv2][query] POST https://serviceusage.googleapis.com/v1beta1/projects/1040702853398/services/pubsub.googleapis.com:generateServiceIdentity [none]
[debug] [2026-03-23T02:19:17.911Z] >>> [apiv2][(partial)header] POST https://serviceusage.googleapis.com/v1beta1/projects/1040702853398/services/pubsub.googleapis.com:generateServiceIdentity  x-goog-user-project=1040702853398
[debug] [2026-03-23T02:19:17.911Z] >>> [apiv2][body] POST https://serviceusage.googleapis.com/v1beta1/projects/1040702853398/services/pubsub.googleapis.com:generateServiceIdentity {}
[debug] [2026-03-23T02:19:17.912Z] >>> [apiv2][query] POST https://serviceusage.googleapis.com/v1beta1/projects/1040702853398/services/eventarc.googleapis.com:generateServiceIdentity [none]
[debug] [2026-03-23T02:19:17.912Z] >>> [apiv2][(partial)header] POST https://serviceusage.googleapis.com/v1beta1/projects/1040702853398/services/eventarc.googleapis.com:generateServiceIdentity  x-goog-user-project=1040702853398
[debug] [2026-03-23T02:19:17.912Z] >>> [apiv2][body] POST https://serviceusage.googleapis.com/v1beta1/projects/1040702853398/services/eventarc.googleapis.com:generateServiceIdentity {}
[debug] [2026-03-23T02:19:19.157Z] <<< [apiv2][status] POST https://serviceusage.googleapis.com/v1beta1/projects/1040702853398/services/eventarc.googleapis.com:generateServiceIdentity 200
[debug] [2026-03-23T02:19:19.157Z] <<< [apiv2][body] POST https://serviceusage.googleapis.com/v1beta1/projects/1040702853398/services/eventarc.googleapis.com:generateServiceIdentity {"name":"operations/finished.DONE_OPERATION","done":true,"response":{"@type":"type.googleapis.com/google.api.serviceusage.v1beta1.ServiceIdentity","email":"service-1040702853398@gcp-sa-eventarc.iam.gserviceaccount.com","uniqueId":"107971894013087918398"}}
[debug] [2026-03-23T02:19:19.192Z] <<< [apiv2][status] POST https://serviceusage.googleapis.com/v1beta1/projects/1040702853398/services/pubsub.googleapis.com:generateServiceIdentity 200
[debug] [2026-03-23T02:19:19.192Z] <<< [apiv2][body] POST https://serviceusage.googleapis.com/v1beta1/projects/1040702853398/services/pubsub.googleapis.com:generateServiceIdentity {"name":"operations/finished.DONE_OPERATION","done":true,"response":{"@type":"type.googleapis.com/google.api.serviceusage.v1beta1.ServiceIdentity","email":"service-1040702853398@gcp-sa-pubsub.iam.gserviceaccount.com","uniqueId":"104928023021979411877"}}
[debug] [2026-03-23T02:19:19.193Z] Checked if tokens are valid: true, expires at: 1774235253878
[debug] [2026-03-23T02:19:19.193Z] Checked if tokens are valid: true, expires at: 1774235253878
[debug] [2026-03-23T02:19:19.193Z] >>> [apiv2][query] GET https://cloudresourcemanager.googleapis.com/v1/projects/buslink-prod [none]
[debug] [2026-03-23T02:19:19.457Z] <<< [apiv2][status] GET https://cloudresourcemanager.googleapis.com/v1/projects/buslink-prod 200
[debug] [2026-03-23T02:19:19.457Z] <<< [apiv2][body] GET https://cloudresourcemanager.googleapis.com/v1/projects/buslink-prod {"projectNumber":"1040702853398","projectId":"buslink-prod","lifecycleState":"ACTIVE","name":"buslink-prod","labels":{"firebase":"enabled","firebase-core":"disabled"},"createTime":"2026-03-08T06:32:00.723990Z","parent":{"type":"organization","id":"804940668928"}}
[debug] [2026-03-23T02:19:19.457Z] Checked if tokens are valid: true, expires at: 1774235253878
[debug] [2026-03-23T02:19:19.457Z] Checked if tokens are valid: true, expires at: 1774235253878
[debug] [2026-03-23T02:19:19.457Z] >>> [apiv2][query] GET https://compute.googleapis.com/compute/v1/projects/1040702853398 [none]
[debug] [2026-03-23T02:19:19.800Z] <<< [apiv2][status] GET https://compute.googleapis.com/compute/v1/projects/1040702853398 403
[debug] [2026-03-23T02:19:19.800Z] <<< [apiv2][body] GET https://compute.googleapis.com/compute/v1/projects/1040702853398 {"error":{"code":403,"message":"Compute Engine API has not been used in project 1040702853398 before or it is disabled. Enable it by visiting https://console.developers.google.com/apis/api/compute.googleapis.com/overview?project=1040702853398 then retry. If you enabled this API recently, wait a few minutes for the action to propagate to our systems and retry.","errors":[{"message":"Compute Engine API has not been used in project 1040702853398 before or it is disabled. Enable it by visiting https://console.developers.google.com/apis/api/compute.googleapis.com/overview?project=1040702853398 then retry. If you enabled this API recently, wait a few minutes for the action to propagate to our systems and retry.","domain":"usageLimits","reason":"accessNotConfigured","extendedHelp":"https://console.developers.google.com"}],"status":"PERMISSION_DENIED","details":[{"@type":"type.googleapis.com/google.rpc.ErrorInfo","reason":"SERVICE_DISABLED","domain":"googleapis.com","metadata":{"activationUrl":"https://console.developers.google.com/apis/api/compute.googleapis.com/overview?project=1040702853398","containerInfo":"1040702853398","serviceTitle":"Compute Engine API","service":"compute.googleapis.com","consumer":"projects/1040702853398"}},{"@type":"type.googleapis.com/google.rpc.LocalizedMessage","locale":"en-US","message":"Compute Engine API has not been used in project 1040702853398 before or it is disabled. Enable it by visiting https://console.developers.google.com/apis/api/compute.googleapis.com/overview?project=1040702853398 then retry. If you enabled this API recently, wait a few minutes for the action to propagate to our systems and retry."},{"@type":"type.googleapis.com/google.rpc.Help","links":[{"description":"Google developers console API activation","url":"https://console.developers.google.com/apis/api/compute.googleapis.com/overview?project=1040702853398"}]}]}}
[debug] [2026-03-23T02:19:19.800Z] unable to look up default compute service account. Falling back to 1040702853398-compute@developer.gserviceaccount.com. Error: {"name":"FirebaseError","children":[],"context":{"body":{"error":{"code":403,"message":"Compute Engine API has not been used in project 1040702853398 before or it is disabled. Enable it by visiting https://console.developers.google.com/apis/api/compute.googleapis.com/overview?project=1040702853398 then retry. If you enabled this API recently, wait a few minutes for the action to propagate to our systems and retry.","errors":[{"message":"Compute Engine API has not been used in project 1040702853398 before or it is disabled. Enable it by visiting https://console.developers.google.com/apis/api/compute.googleapis.com/overview?project=1040702853398 then retry. If you enabled this API recently, wait a few minutes for the action to propagate to our systems and retry.","domain":"usageLimits","reason":"accessNotConfigured","extendedHelp":"https://console.developers.google.com"}],"status":"PERMISSION_DENIED","details":[{"@type":"type.googleapis.com/google.rpc.ErrorInfo","reason":"SERVICE_DISABLED","domain":"googleapis.com","metadata":{"activationUrl":"https://console.developers.google.com/apis/api/compute.googleapis.com/overview?project=1040702853398","containerInfo":"1040702853398","serviceTitle":"Compute Engine API","service":"compute.googleapis.com","consumer":"projects/1040702853398"}},{"@type":"type.googleapis.com/google.rpc.LocalizedMessage","locale":"en-US","message":"Compute Engine API has not been used in project 1040702853398 before or it is disabled. Enable it by visiting https://console.developers.google.com/apis/api/compute.googleapis.com/overview?project=1040702853398 then retry. If you enabled this API recently, wait a few minutes for the action to propagate to our systems and retry."},{"@type":"type.googleapis.com/google.rpc.Help","links":[{"description":"Google developers console API activation","url":"https://console.developers.google.com/apis/api/compute.googleapis.com/overview?project=1040702853398"}]}]}},"response":{"statusCode":403}},"exit":1,"message":"Request to https://compute.googleapis.com/compute/v1/projects/1040702853398 had HTTP Error: 403, Compute Engine API has not been used in project 1040702853398 before or it is disabled. Enable it by visiting https://console.developers.google.com/apis/api/compute.googleapis.com/overview?project=1040702853398 then retry. If you enabled this API recently, wait a few minutes for the action to propagate to our systems and retry.","status":403}
[debug] [2026-03-23T02:19:19.800Z] Checked if tokens are valid: true, expires at: 1774235253878
[debug] [2026-03-23T02:19:19.800Z] Checked if tokens are valid: true, expires at: 1774235253878
[debug] [2026-03-23T02:19:19.800Z] >>> [apiv2][query] GET https://compute.googleapis.com/compute/v1/projects/1040702853398 [none]
[debug] [2026-03-23T02:19:20.080Z] <<< [apiv2][status] GET https://compute.googleapis.com/compute/v1/projects/1040702853398 403
[debug] [2026-03-23T02:19:20.080Z] <<< [apiv2][body] GET https://compute.googleapis.com/compute/v1/projects/1040702853398 {"error":{"code":403,"message":"Compute Engine API has not been used in project 1040702853398 before or it is disabled. Enable it by visiting https://console.developers.google.com/apis/api/compute.googleapis.com/overview?project=1040702853398 then retry. If you enabled this API recently, wait a few minutes for the action to propagate to our systems and retry.","errors":[{"message":"Compute Engine API has not been used in project 1040702853398 before or it is disabled. Enable it by visiting https://console.developers.google.com/apis/api/compute.googleapis.com/overview?project=1040702853398 then retry. If you enabled this API recently, wait a few minutes for the action to propagate to our systems and retry.","domain":"usageLimits","reason":"accessNotConfigured","extendedHelp":"https://console.developers.google.com"}],"status":"PERMISSION_DENIED","details":[{"@type":"type.googleapis.com/google.rpc.ErrorInfo","reason":"SERVICE_DISABLED","domain":"googleapis.com","metadata":{"activationUrl":"https://console.developers.google.com/apis/api/compute.googleapis.com/overview?project=1040702853398","containerInfo":"1040702853398","consumer":"projects/1040702853398","serviceTitle":"Compute Engine API","service":"compute.googleapis.com"}},{"@type":"type.googleapis.com/google.rpc.LocalizedMessage","locale":"en-US","message":"Compute Engine API has not been used in project 1040702853398 before or it is disabled. Enable it by visiting https://console.developers.google.com/apis/api/compute.googleapis.com/overview?project=1040702853398 then retry. If you enabled this API recently, wait a few minutes for the action to propagate to our systems and retry."},{"@type":"type.googleapis.com/google.rpc.Help","links":[{"description":"Google developers console API activation","url":"https://console.developers.google.com/apis/api/compute.googleapis.com/overview?project=1040702853398"}]}]}}
[debug] [2026-03-23T02:19:20.080Z] unable to look up default compute service account. Falling back to 1040702853398-compute@developer.gserviceaccount.com. Error: {"name":"FirebaseError","children":[],"context":{"body":{"error":{"code":403,"message":"Compute Engine API has not been used in project 1040702853398 before or it is disabled. Enable it by visiting https://console.developers.google.com/apis/api/compute.googleapis.com/overview?project=1040702853398 then retry. If you enabled this API recently, wait a few minutes for the action to propagate to our systems and retry.","errors":[{"message":"Compute Engine API has not been used in project 1040702853398 before or it is disabled. Enable it by visiting https://console.developers.google.com/apis/api/compute.googleapis.com/overview?project=1040702853398 then retry. If you enabled this API recently, wait a few minutes for the action to propagate to our systems and retry.","domain":"usageLimits","reason":"accessNotConfigured","extendedHelp":"https://console.developers.google.com"}],"status":"PERMISSION_DENIED","details":[{"@type":"type.googleapis.com/google.rpc.ErrorInfo","reason":"SERVICE_DISABLED","domain":"googleapis.com","metadata":{"activationUrl":"https://console.developers.google.com/apis/api/compute.googleapis.com/overview?project=1040702853398","containerInfo":"1040702853398","consumer":"projects/1040702853398","serviceTitle":"Compute Engine API","service":"compute.googleapis.com"}},{"@type":"type.googleapis.com/google.rpc.LocalizedMessage","locale":"en-US","message":"Compute Engine API has not been used in project 1040702853398 before or it is disabled. Enable it by visiting https://console.developers.google.com/apis/api/compute.googleapis.com/overview?project=1040702853398 then retry. If you enabled this API recently, wait a few minutes for the action to propagate to our systems and retry."},{"@type":"type.googleapis.com/google.rpc.Help","links":[{"description":"Google developers console API activation","url":"https://console.developers.google.com/apis/api/compute.googleapis.com/overview?project=1040702853398"}]}]}},"response":{"statusCode":403}},"exit":1,"message":"Request to https://compute.googleapis.com/compute/v1/projects/1040702853398 had HTTP Error: 403, Compute Engine API has not been used in project 1040702853398 before or it is disabled. Enable it by visiting https://console.developers.google.com/apis/api/compute.googleapis.com/overview?project=1040702853398 then retry. If you enabled this API recently, wait a few minutes for the action to propagate to our systems and retry.","status":403}
[debug] [2026-03-23T02:19:20.080Z] Checked if tokens are valid: true, expires at: 1774235253878
[debug] [2026-03-23T02:19:20.080Z] Checked if tokens are valid: true, expires at: 1774235253878
[debug] [2026-03-23T02:19:20.081Z] >>> [apiv2][query] GET https://compute.googleapis.com/compute/v1/projects/1040702853398 [none]
[debug] [2026-03-23T02:19:20.324Z] <<< [apiv2][status] GET https://compute.googleapis.com/compute/v1/projects/1040702853398 403
[debug] [2026-03-23T02:19:20.324Z] <<< [apiv2][body] GET https://compute.googleapis.com/compute/v1/projects/1040702853398 {"error":{"code":403,"message":"Compute Engine API has not been used in project 1040702853398 before or it is disabled. Enable it by visiting https://console.developers.google.com/apis/api/compute.googleapis.com/overview?project=1040702853398 then retry. If you enabled this API recently, wait a few minutes for the action to propagate to our systems and retry.","errors":[{"message":"Compute Engine API has not been used in project 1040702853398 before or it is disabled. Enable it by visiting https://console.developers.google.com/apis/api/compute.googleapis.com/overview?project=1040702853398 then retry. If you enabled this API recently, wait a few minutes for the action to propagate to our systems and retry.","domain":"usageLimits","reason":"accessNotConfigured","extendedHelp":"https://console.developers.google.com"}],"status":"PERMISSION_DENIED","details":[{"@type":"type.googleapis.com/google.rpc.ErrorInfo","reason":"SERVICE_DISABLED","domain":"googleapis.com","metadata":{"containerInfo":"1040702853398","service":"compute.googleapis.com","activationUrl":"https://console.developers.google.com/apis/api/compute.googleapis.com/overview?project=1040702853398","serviceTitle":"Compute Engine API","consumer":"projects/1040702853398"}},{"@type":"type.googleapis.com/google.rpc.LocalizedMessage","locale":"en-US","message":"Compute Engine API has not been used in project 1040702853398 before or it is disabled. Enable it by visiting https://console.developers.google.com/apis/api/compute.googleapis.com/overview?project=1040702853398 then retry. If you enabled this API recently, wait a few minutes for the action to propagate to our systems and retry."},{"@type":"type.googleapis.com/google.rpc.Help","links":[{"description":"Google developers console API activation","url":"https://console.developers.google.com/apis/api/compute.googleapis.com/overview?project=1040702853398"}]}]}}
[debug] [2026-03-23T02:19:20.324Z] unable to look up default compute service account. Falling back to 1040702853398-compute@developer.gserviceaccount.com. Error: {"name":"FirebaseError","children":[],"context":{"body":{"error":{"code":403,"message":"Compute Engine API has not been used in project 1040702853398 before or it is disabled. Enable it by visiting https://console.developers.google.com/apis/api/compute.googleapis.com/overview?project=1040702853398 then retry. If you enabled this API recently, wait a few minutes for the action to propagate to our systems and retry.","errors":[{"message":"Compute Engine API has not been used in project 1040702853398 before or it is disabled. Enable it by visiting https://console.developers.google.com/apis/api/compute.googleapis.com/overview?project=1040702853398 then retry. If you enabled this API recently, wait a few minutes for the action to propagate to our systems and retry.","domain":"usageLimits","reason":"accessNotConfigured","extendedHelp":"https://console.developers.google.com"}],"status":"PERMISSION_DENIED","details":[{"@type":"type.googleapis.com/google.rpc.ErrorInfo","reason":"SERVICE_DISABLED","domain":"googleapis.com","metadata":{"containerInfo":"1040702853398","service":"compute.googleapis.com","activationUrl":"https://console.developers.google.com/apis/api/compute.googleapis.com/overview?project=1040702853398","serviceTitle":"Compute Engine API","consumer":"projects/1040702853398"}},{"@type":"type.googleapis.com/google.rpc.LocalizedMessage","locale":"en-US","message":"Compute Engine API has not been used in project 1040702853398 before or it is disabled. Enable it by visiting https://console.developers.google.com/apis/api/compute.googleapis.com/overview?project=1040702853398 then retry. If you enabled this API recently, wait a few minutes for the action to propagate to our systems and retry."},{"@type":"type.googleapis.com/google.rpc.Help","links":[{"description":"Google developers console API activation","url":"https://console.developers.google.com/apis/api/compute.googleapis.com/overview?project=1040702853398"}]}]}},"response":{"statusCode":403}},"exit":1,"message":"Request to https://compute.googleapis.com/compute/v1/projects/1040702853398 had HTTP Error: 403, Compute Engine API has not been used in project 1040702853398 before or it is disabled. Enable it by visiting https://console.developers.google.com/apis/api/compute.googleapis.com/overview?project=1040702853398 then retry. If you enabled this API recently, wait a few minutes for the action to propagate to our systems and retry.","status":403}
[debug] [2026-03-23T02:19:20.324Z] Checked if tokens are valid: true, expires at: 1774235253878
[debug] [2026-03-23T02:19:20.324Z] Checked if tokens are valid: true, expires at: 1774235253878
[debug] [2026-03-23T02:19:20.324Z] >>> [apiv2][query] GET https://compute.googleapis.com/compute/v1/projects/1040702853398 [none]
[debug] [2026-03-23T02:19:20.561Z] <<< [apiv2][status] GET https://compute.googleapis.com/compute/v1/projects/1040702853398 403
[debug] [2026-03-23T02:19:20.561Z] <<< [apiv2][body] GET https://compute.googleapis.com/compute/v1/projects/1040702853398 {"error":{"code":403,"message":"Compute Engine API has not been used in project 1040702853398 before or it is disabled. Enable it by visiting https://console.developers.google.com/apis/api/compute.googleapis.com/overview?project=1040702853398 then retry. If you enabled this API recently, wait a few minutes for the action to propagate to our systems and retry.","errors":[{"message":"Compute Engine API has not been used in project 1040702853398 before or it is disabled. Enable it by visiting https://console.developers.google.com/apis/api/compute.googleapis.com/overview?project=1040702853398 then retry. If you enabled this API recently, wait a few minutes for the action to propagate to our systems and retry.","domain":"usageLimits","reason":"accessNotConfigured","extendedHelp":"https://console.developers.google.com"}],"status":"PERMISSION_DENIED","details":[{"@type":"type.googleapis.com/google.rpc.ErrorInfo","reason":"SERVICE_DISABLED","domain":"googleapis.com","metadata":{"activationUrl":"https://console.developers.google.com/apis/api/compute.googleapis.com/overview?project=1040702853398","serviceTitle":"Compute Engine API","service":"compute.googleapis.com","consumer":"projects/1040702853398","containerInfo":"1040702853398"}},{"@type":"type.googleapis.com/google.rpc.LocalizedMessage","locale":"en-US","message":"Compute Engine API has not been used in project 1040702853398 before or it is disabled. Enable it by visiting https://console.developers.google.com/apis/api/compute.googleapis.com/overview?project=1040702853398 then retry. If you enabled this API recently, wait a few minutes for the action to propagate to our systems and retry."},{"@type":"type.googleapis.com/google.rpc.Help","links":[{"description":"Google developers console API activation","url":"https://console.developers.google.com/apis/api/compute.googleapis.com/overview?project=1040702853398"}]}]}}
[debug] [2026-03-23T02:19:20.561Z] unable to look up default compute service account. Falling back to 1040702853398-compute@developer.gserviceaccount.com. Error: {"name":"FirebaseError","children":[],"context":{"body":{"error":{"code":403,"message":"Compute Engine API has not been used in project 1040702853398 before or it is disabled. Enable it by visiting https://console.developers.google.com/apis/api/compute.googleapis.com/overview?project=1040702853398 then retry. If you enabled this API recently, wait a few minutes for the action to propagate to our systems and retry.","errors":[{"message":"Compute Engine API has not been used in project 1040702853398 before or it is disabled. Enable it by visiting https://console.developers.google.com/apis/api/compute.googleapis.com/overview?project=1040702853398 then retry. If you enabled this API recently, wait a few minutes for the action to propagate to our systems and retry.","domain":"usageLimits","reason":"accessNotConfigured","extendedHelp":"https://console.developers.google.com"}],"status":"PERMISSION_DENIED","details":[{"@type":"type.googleapis.com/google.rpc.ErrorInfo","reason":"SERVICE_DISABLED","domain":"googleapis.com","metadata":{"activationUrl":"https://console.developers.google.com/apis/api/compute.googleapis.com/overview?project=1040702853398","serviceTitle":"Compute Engine API","service":"compute.googleapis.com","consumer":"projects/1040702853398","containerInfo":"1040702853398"}},{"@type":"type.googleapis.com/google.rpc.LocalizedMessage","locale":"en-US","message":"Compute Engine API has not been used in project 1040702853398 before or it is disabled. Enable it by visiting https://console.developers.google.com/apis/api/compute.googleapis.com/overview?project=1040702853398 then retry. If you enabled this API recently, wait a few minutes for the action to propagate to our systems and retry."},{"@type":"type.googleapis.com/google.rpc.Help","links":[{"description":"Google developers console API activation","url":"https://console.developers.google.com/apis/api/compute.googleapis.com/overview?project=1040702853398"}]}]}},"response":{"statusCode":403}},"exit":1,"message":"Request to https://compute.googleapis.com/compute/v1/projects/1040702853398 had HTTP Error: 403, Compute Engine API has not been used in project 1040702853398 before or it is disabled. Enable it by visiting https://console.developers.google.com/apis/api/compute.googleapis.com/overview?project=1040702853398 then retry. If you enabled this API recently, wait a few minutes for the action to propagate to our systems and retry.","status":403}
[debug] [2026-03-23T02:19:20.561Z] Checked if tokens are valid: true, expires at: 1774235253878
[debug] [2026-03-23T02:19:20.561Z] Checked if tokens are valid: true, expires at: 1774235253878
[debug] [2026-03-23T02:19:20.561Z] >>> [apiv2][query] GET https://compute.googleapis.com/compute/v1/projects/1040702853398 [none]
[debug] [2026-03-23T02:19:20.814Z] <<< [apiv2][status] GET https://compute.googleapis.com/compute/v1/projects/1040702853398 403
[debug] [2026-03-23T02:19:20.815Z] <<< [apiv2][body] GET https://compute.googleapis.com/compute/v1/projects/1040702853398 {"error":{"code":403,"message":"Compute Engine API has not been used in project 1040702853398 before or it is disabled. Enable it by visiting https://console.developers.google.com/apis/api/compute.googleapis.com/overview?project=1040702853398 then retry. If you enabled this API recently, wait a few minutes for the action to propagate to our systems and retry.","errors":[{"message":"Compute Engine API has not been used in project 1040702853398 before or it is disabled. Enable it by visiting https://console.developers.google.com/apis/api/compute.googleapis.com/overview?project=1040702853398 then retry. If you enabled this API recently, wait a few minutes for the action to propagate to our systems and retry.","domain":"usageLimits","reason":"accessNotConfigured","extendedHelp":"https://console.developers.google.com"}],"status":"PERMISSION_DENIED","details":[{"@type":"type.googleapis.com/google.rpc.ErrorInfo","reason":"SERVICE_DISABLED","domain":"googleapis.com","metadata":{"containerInfo":"1040702853398","activationUrl":"https://console.developers.google.com/apis/api/compute.googleapis.com/overview?project=1040702853398","serviceTitle":"Compute Engine API","service":"compute.googleapis.com","consumer":"projects/1040702853398"}},{"@type":"type.googleapis.com/google.rpc.LocalizedMessage","locale":"en-US","message":"Compute Engine API has not been used in project 1040702853398 before or it is disabled. Enable it by visiting https://console.developers.google.com/apis/api/compute.googleapis.com/overview?project=1040702853398 then retry. If you enabled this API recently, wait a few minutes for the action to propagate to our systems and retry."},{"@type":"type.googleapis.com/google.rpc.Help","links":[{"description":"Google developers console API activation","url":"https://console.developers.google.com/apis/api/compute.googleapis.com/overview?project=1040702853398"}]}]}}
[debug] [2026-03-23T02:19:20.815Z] unable to look up default compute service account. Falling back to 1040702853398-compute@developer.gserviceaccount.com. Error: {"name":"FirebaseError","children":[],"context":{"body":{"error":{"code":403,"message":"Compute Engine API has not been used in project 1040702853398 before or it is disabled. Enable it by visiting https://console.developers.google.com/apis/api/compute.googleapis.com/overview?project=1040702853398 then retry. If you enabled this API recently, wait a few minutes for the action to propagate to our systems and retry.","errors":[{"message":"Compute Engine API has not been used in project 1040702853398 before or it is disabled. Enable it by visiting https://console.developers.google.com/apis/api/compute.googleapis.com/overview?project=1040702853398 then retry. If you enabled this API recently, wait a few minutes for the action to propagate to our systems and retry.","domain":"usageLimits","reason":"accessNotConfigured","extendedHelp":"https://console.developers.google.com"}],"status":"PERMISSION_DENIED","details":[{"@type":"type.googleapis.com/google.rpc.ErrorInfo","reason":"SERVICE_DISABLED","domain":"googleapis.com","metadata":{"containerInfo":"1040702853398","activationUrl":"https://console.developers.google.com/apis/api/compute.googleapis.com/overview?project=1040702853398","serviceTitle":"Compute Engine API","service":"compute.googleapis.com","consumer":"projects/1040702853398"}},{"@type":"type.googleapis.com/google.rpc.LocalizedMessage","locale":"en-US","message":"Compute Engine API has not been used in project 1040702853398 before or it is disabled. Enable it by visiting https://console.developers.google.com/apis/api/compute.googleapis.com/overview?project=1040702853398 then retry. If you enabled this API recently, wait a few minutes for the action to propagate to our systems and retry."},{"@type":"type.googleapis.com/google.rpc.Help","links":[{"description":"Google developers console API activation","url":"https://console.developers.google.com/apis/api/compute.googleapis.com/overview?project=1040702853398"}]}]}},"response":{"statusCode":403}},"exit":1,"message":"Request to https://compute.googleapis.com/compute/v1/projects/1040702853398 had HTTP Error: 403, Compute Engine API has not been used in project 1040702853398 before or it is disabled. Enable it by visiting https://console.developers.google.com/apis/api/compute.googleapis.com/overview?project=1040702853398 then retry. If you enabled this API recently, wait a few minutes for the action to propagate to our systems and retry.","status":403}
[debug] [2026-03-23T02:19:20.815Z] Checked if tokens are valid: true, expires at: 1774235253878
[debug] [2026-03-23T02:19:20.815Z] Checked if tokens are valid: true, expires at: 1774235253878
[debug] [2026-03-23T02:19:20.815Z] >>> [apiv2][query] GET https://cloudbilling.googleapis.com/v1/projects/buslink-prod/billingInfo [none]
[debug] [2026-03-23T02:19:22.062Z] <<< [apiv2][status] GET https://cloudbilling.googleapis.com/v1/projects/buslink-prod/billingInfo 200
[debug] [2026-03-23T02:19:22.062Z] <<< [apiv2][body] GET https://cloudbilling.googleapis.com/v1/projects/buslink-prod/billingInfo {"name":"projects/buslink-prod/billingInfo","projectId":"buslink-prod","billingAccountName":"billingAccounts/01DC6A-1041FB-AE9276","billingEnabled":true}
[debug] [2026-03-23T02:19:22.064Z] Checked if tokens are valid: true, expires at: 1774235253878
[debug] [2026-03-23T02:19:22.065Z] Checked if tokens are valid: true, expires at: 1774235253878
[debug] [2026-03-23T02:19:22.065Z] >>> [apiv2][query] POST https://cloudfunctions.googleapis.com/v2/projects/buslink-prod/locations/us-central1/functions:generateUploadUrl [none]
[debug] [2026-03-23T02:19:22.410Z] <<< [apiv2][status] POST https://cloudfunctions.googleapis.com/v2/projects/buslink-prod/locations/us-central1/functions:generateUploadUrl 200
[debug] [2026-03-23T02:19:22.410Z] <<< [apiv2][body] POST https://cloudfunctions.googleapis.com/v2/projects/buslink-prod/locations/us-central1/functions:generateUploadUrl {"uploadUrl":"https://storage.googleapis.com/gcf-v2-uploads-1040702853398.us-central1.cloudfunctions.appspot.com/06b670d5-6b67-4c47-9561-7c458bf7edee.zip?GoogleAccessId=service-1040702853398@gcf-admin-robot.iam.gserviceaccount.com&Expires=1774234166&Signature=inm04BgR7gzJlzl5xBo82UG5dmvjOHhWNtGhAWgryVON8njk43NsA9xa%2FxzUHbz2Q8po8ejqY9QY6qREGa8s11Oy8mEwHsf8Id62I1N7WrCyrp7hYwjVG7Qbl2aS1Dm5epTrMiy6%2BmJRyWBvphaldB266I6IRp3rASkzFYPdKj9DrOgBH07rGOffD6sbZb%2B94MbiJvZFcFciqiaKgT49Qa90LZ6%2BiQ%2FNGYj1RKVtE44Y8%2FppHXU3jfsWEG98ntgcpN1dtkL0RhKwd2U4tUgtVsIxn6w8lVFiEzMGpnbKBGJMKlhzbinzdkWpUwF7Ha5c74Y7NWDo81%2FGhseqq7HtrA%3D%3D","storageSource":{"bucket":"gcf-v2-uploads-1040702853398.us-central1.cloudfunctions.appspot.com","object":"06b670d5-6b67-4c47-9561-7c458bf7edee.zip"}}
[debug] [2026-03-23T02:19:22.411Z] >>> [apiv2][query] PUT https://storage.googleapis.com/gcf-v2-uploads-1040702853398.us-central1.cloudfunctions.appspot.com/06b670d5-6b67-4c47-9561-7c458bf7edee.zip GoogleAccessId=service-1040702853398%40gcf-admin-robot.iam.gserviceaccount.com&Expires=1774234166&Signature=inm04BgR7gzJlzl5xBo82UG5dmvjOHhWNtGhAWgryVON8njk43NsA9xa%2FxzUHbz2Q8po8ejqY9QY6qREGa8s11Oy8mEwHsf8Id62I1N7WrCyrp7hYwjVG7Qbl2aS1Dm5epTrMiy6%2BmJRyWBvphaldB266I6IRp3rASkzFYPdKj9DrOgBH07rGOffD6sbZb%2B94MbiJvZFcFciqiaKgT49Qa90LZ6%2BiQ%2FNGYj1RKVtE44Y8%2FppHXU3jfsWEG98ntgcpN1dtkL0RhKwd2U4tUgtVsIxn6w8lVFiEzMGpnbKBGJMKlhzbinzdkWpUwF7Ha5c74Y7NWDo81%2FGhseqq7HtrA%3D%3D
[debug] [2026-03-23T02:19:22.411Z] >>> [apiv2][body] PUT https://storage.googleapis.com/gcf-v2-uploads-1040702853398.us-central1.cloudfunctions.appspot.com/06b670d5-6b67-4c47-9561-7c458bf7edee.zip [stream]
[debug] [2026-03-23T02:19:23.710Z] <<< [apiv2][status] PUT https://storage.googleapis.com/gcf-v2-uploads-1040702853398.us-central1.cloudfunctions.appspot.com/06b670d5-6b67-4c47-9561-7c458bf7edee.zip 200
[debug] [2026-03-23T02:19:23.710Z] <<< [apiv2][body] PUT https://storage.googleapis.com/gcf-v2-uploads-1040702853398.us-central1.cloudfunctions.appspot.com/06b670d5-6b67-4c47-9561-7c458bf7edee.zip [omitted]
[info] +  functions: functions source uploaded successfully 
[info] i  functions: updating Node.js 22 (2nd Gen) function sendNoticeToCompany(us-central1)... 
[info] i  functions: updating Node.js 22 (2nd Gen) function createDriver(us-central1)... 
[info] i  functions: updating Node.js 22 (2nd Gen) function deleteDriver(us-central1)... 
[info] i  functions: updating Node.js 22 (2nd Gen) function updateDriverPassword(us-central1)... 
[info] i  functions: updating Node.js 22 (2nd Gen) function createDriverAuth(us-central1)... 
[debug] [2026-03-23T02:19:23.713Z] Checked if tokens are valid: true, expires at: 1774235253878
[debug] [2026-03-23T02:19:23.713Z] Checked if tokens are valid: true, expires at: 1774235253878
[debug] [2026-03-23T02:19:23.713Z] >>> [apiv2][query] PATCH https://cloudfunctions.googleapis.com/v2/projects/buslink-prod/locations/us-central1/functions/sendNoticeToCompany updateMask=name%2CbuildConfig.runtime%2CbuildConfig.entryPoint%2CbuildConfig.source.storageSource.bucket%2CbuildConfig.source.storageSource.object%2CbuildConfig.environmentVariables%2CbuildConfig.sourceToken%2CserviceConfig.environmentVariables%2CserviceConfig.ingressSettings%2CserviceConfig.timeoutSeconds%2CserviceConfig.serviceAccountEmail%2CserviceConfig.availableMemory%2CserviceConfig.minInstanceCount%2CserviceConfig.maxInstanceCount%2CserviceConfig.maxInstanceRequestConcurrency%2CserviceConfig.availableCpu%2CserviceConfig.vpcConnector%2CserviceConfig.vpcConnectorEgressSettings%2CserviceConfig.directVpcNetworkInterface%2CserviceConfig.directVpcEgress%2Clabels%2CeventTrigger.eventType%2CeventTrigger.retryPolicy%2CeventTrigger.eventFilters%2CeventTrigger.triggerRegion
[debug] [2026-03-23T02:19:23.713Z] >>> [apiv2][body] PATCH https://cloudfunctions.googleapis.com/v2/projects/buslink-prod/locations/us-central1/functions/sendNoticeToCompany {"name":"projects/buslink-prod/locations/us-central1/functions/sendNoticeToCompany","buildConfig":{"runtime":"nodejs22","entryPoint":"sendNoticeToCompany","source":{"storageSource":{"bucket":"gcf-v2-uploads-1040702853398.us-central1.cloudfunctions.appspot.com","object":"06b670d5-6b67-4c47-9561-7c458bf7edee.zip"}},"environmentVariables":{"GOOGLE_NODE_RUN_SCRIPTS":""}},"serviceConfig":{"environmentVariables":{"FIREBASE_CONFIG":"{\"projectId\":\"buslink-prod\",\"storageBucket\":\"buslink-prod.firebasestorage.app\"}","GCLOUD_PROJECT":"buslink-prod","EVENTARC_CLOUD_EVENT_SOURCE":"projects/buslink-prod/locations/us-central1/services/sendNoticeToCompany","FUNCTION_SIGNATURE_TYPE":"cloudevent","FUNCTION_TARGET":"sendNoticeToCompany","LOG_EXECUTION_ID":"true"},"ingressSettings":null,"timeoutSeconds":null,"serviceAccountEmail":null,"availableMemory":"256Mi","minInstanceCount":null,"maxInstanceCount":null,"maxInstanceRequestConcurrency":80,"availableCpu":"1","vpcConnector":null,"vpcConnectorEgressSettings":null,"directVpcNetworkInterface":null,"directVpcEgress":null},"labels":{"deployment-tool":"cli-firebase","firebase-functions-hash":"aca64d57bee595d54452ce3c3b9b091520014b3e"},"eventTrigger":{"eventType":"google.cloud.firestore.document.v1.created","retryPolicy":"RETRY_POLICY_DO_NOT_RETRY","eventFilters":[{"attribute":"database","value":"(default)"},{"attribute":"namespace","value":"(default)"},{"attribute":"document","value":"fcmQueue/{queueId}","operator":"match-path-pattern"}],"triggerRegion":"asia-northeast3"}}
[debug] [2026-03-23T02:19:26.086Z] <<< [apiv2][status] PATCH https://cloudfunctions.googleapis.com/v2/projects/buslink-prod/locations/us-central1/functions/sendNoticeToCompany 200
[debug] [2026-03-23T02:19:26.086Z] <<< [apiv2][body] PATCH https://cloudfunctions.googleapis.com/v2/projects/buslink-prod/locations/us-central1/functions/sendNoticeToCompany {"name":"projects/buslink-prod/locations/us-central1/operations/operation-1774232368674-64da7aa157571-a87dfe5f-e4354f46","metadata":{"@type":"type.googleapis.com/google.cloud.functions.v2.OperationMetadata","createTime":"2026-03-23T02:19:29.919740690Z","target":"projects/buslink-prod/locations/us-central1/functions/sendNoticeToCompany","verb":"update","cancelRequested":false,"apiVersion":"v2"},"done":false}
[debug] [2026-03-23T02:19:26.087Z] Checked if tokens are valid: true, expires at: 1774235253878
[debug] [2026-03-23T02:19:26.087Z] Checked if tokens are valid: true, expires at: 1774235253878
[debug] [2026-03-23T02:19:26.087Z] >>> [apiv2][query] GET https://cloudfunctions.googleapis.com/v2/projects/buslink-prod/locations/us-central1/operations/operation-1774232368674-64da7aa157571-a87dfe5f-e4354f46 [none]
[debug] [2026-03-23T02:19:27.209Z] <<< [apiv2][status] GET https://cloudfunctions.googleapis.com/v2/projects/buslink-prod/locations/us-central1/operations/operation-1774232368674-64da7aa157571-a87dfe5f-e4354f46 200
[debug] [2026-03-23T02:19:27.209Z] <<< [apiv2][body] GET https://cloudfunctions.googleapis.com/v2/projects/buslink-prod/locations/us-central1/operations/operation-1774232368674-64da7aa157571-a87dfe5f-e4354f46 {"name":"projects/buslink-prod/locations/us-central1/operations/operation-1774232368674-64da7aa157571-a87dfe5f-e4354f46","metadata":{"@type":"type.googleapis.com/google.cloud.functions.v2.OperationMetadata","createTime":"2026-03-23T02:19:29.919740690Z","target":"projects/buslink-prod/locations/us-central1/functions/sendNoticeToCompany","verb":"update","cancelRequested":false,"apiVersion":"v2","requestResource":{"@type":"type.googleapis.com/google.cloud.functions.v2.Function","name":"projects/buslink-prod/locations/us-central1/functions/sendNoticeToCompany","buildConfig":{"runtime":"nodejs22","entryPoint":"sendNoticeToCompany","source":{"storageSource":{"bucket":"gcf-v2-sources-1040702853398-us-central1","object":"sendNoticeToCompany/function-source.zip","generation":"1774232369872373"}},"environmentVariables":{"GOOGLE_NODE_RUN_SCRIPTS":""},"dockerRepository":"projects/buslink-prod/locations/us-central1/repositories/gcf-artifacts","sourceProvenance":{"resolvedStorageSource":{"bucket":"gcf-v2-sources-1040702853398-us-central1","object":"sendNoticeToCompany/function-source.zip","generation":"1774228418941848"}},"dockerRegistry":"ARTIFACT_REGISTRY","serviceAccount":"projects/buslink-prod/serviceAccounts/1040702853398-compute@developer.gserviceaccount.com","automaticUpdatePolicy":{}},"serviceConfig":{"service":"projects/buslink-prod/locations/us-central1/services/sendnoticetocompany","timeoutSeconds":60,"environmentVariables":{"FIREBASE_CONFIG":"{\"projectId\":\"buslink-prod\",\"storageBucket\":\"buslink-prod.firebasestorage.app\"}","GCLOUD_PROJECT":"buslink-prod","EVENTARC_CLOUD_EVENT_SOURCE":"projects/buslink-prod/locations/us-central1/services/sendNoticeToCompany","FUNCTION_SIGNATURE_TYPE":"cloudevent","FUNCTION_TARGET":"sendNoticeToCompany","LOG_EXECUTION_ID":"true"},"ingressSettings":"ALLOW_ALL","uri":"https://sendnoticetocompany-qg3deapdcq-uc.a.run.app","serviceAccountEmail":"1040702853398-compute@developer.gserviceaccount.com","availableMemory":"256Mi","allTrafficOnLatestRevision":true,"revision":"sendnoticetocompany-00002-zih","maxInstanceRequestConcurrency":80,"availableCpu":"1"},"eventTrigger":{"trigger":"projects/buslink-prod/locations/asia-northeast3/triggers/sendnoticetocompany-069852","triggerRegion":"asia-northeast3","eventType":"google.cloud.firestore.document.v1.created","eventFilters":[{"attribute":"database","value":"(default)"},{"attribute":"namespace","value":"(default)"},{"attribute":"document","value":"fcmQueue/{queueId}","operator":"match-path-pattern"}],"pubsubTopic":"projects/buslink-prod/topics/eventarc-asia-northeast3-sendnoticetocompany-069852-430","serviceAccountEmail":"1040702853398-compute@developer.gserviceaccount.com","retryPolicy":"RETRY_POLICY_DO_NOT_RETRY"},"state":"ACTIVE","labels":{"deployment-tool":"cli-firebase","firebase-functions-hash":"aca64d57bee595d54452ce3c3b9b091520014b3e"},"environment":"GEN_2","url":"https://us-central1-buslink-prod.cloudfunctions.net/sendNoticeToCompany","satisfiesPzi":true},"stages":[{"name":"BUILD","message":"Build in progress","state":"IN_PROGRESS","resource":"projects/1040702853398/locations/us-central1/builds/7e6f81be-a906-4edf-a991-adc6f60ca156","resourceUri":"https://console.cloud.google.com/cloud-build/builds;region=us-central1/7e6f81be-a906-4edf-a991-adc6f60ca156?project=1040702853398"},{"name":"SERVICE","state":"NOT_STARTED"},{"name":"TRIGGER","state":"NOT_STARTED"}],"operationType":"UPDATE_FUNCTION","buildName":"projects/1040702853398/locations/us-central1/builds/7e6f81be-a906-4edf-a991-adc6f60ca156"},"done":false}
[debug] [2026-03-23T02:19:27.709Z] [update-default-us-central1-sendNoticeToCompany] Retrying task index 0
[debug] [2026-03-23T02:19:27.709Z] Checked if tokens are valid: true, expires at: 1774235253878
[debug] [2026-03-23T02:19:27.709Z] Checked if tokens are valid: true, expires at: 1774235253878
[debug] [2026-03-23T02:19:27.709Z] >>> [apiv2][query] GET https://cloudfunctions.googleapis.com/v2/projects/buslink-prod/locations/us-central1/operations/operation-1774232368674-64da7aa157571-a87dfe5f-e4354f46 [none]
[debug] [2026-03-23T02:19:28.809Z] <<< [apiv2][status] GET https://cloudfunctions.googleapis.com/v2/projects/buslink-prod/locations/us-central1/operations/operation-1774232368674-64da7aa157571-a87dfe5f-e4354f46 200
[debug] [2026-03-23T02:19:28.810Z] <<< [apiv2][body] GET https://cloudfunctions.googleapis.com/v2/projects/buslink-prod/locations/us-central1/operations/operation-1774232368674-64da7aa157571-a87dfe5f-e4354f46 {"name":"projects/buslink-prod/locations/us-central1/operations/operation-1774232368674-64da7aa157571-a87dfe5f-e4354f46","metadata":{"@type":"type.googleapis.com/google.cloud.functions.v2.OperationMetadata","createTime":"2026-03-23T02:19:29.919740690Z","target":"projects/buslink-prod/locations/us-central1/functions/sendNoticeToCompany","verb":"update","cancelRequested":false,"apiVersion":"v2","requestResource":{"@type":"type.googleapis.com/google.cloud.functions.v2.Function","name":"projects/buslink-prod/locations/us-central1/functions/sendNoticeToCompany","buildConfig":{"runtime":"nodejs22","entryPoint":"sendNoticeToCompany","source":{"storageSource":{"bucket":"gcf-v2-sources-1040702853398-us-central1","object":"sendNoticeToCompany/function-source.zip","generation":"1774232369872373"}},"environmentVariables":{"GOOGLE_NODE_RUN_SCRIPTS":""},"dockerRepository":"projects/buslink-prod/locations/us-central1/repositories/gcf-artifacts","sourceProvenance":{"resolvedStorageSource":{"bucket":"gcf-v2-sources-1040702853398-us-central1","object":"sendNoticeToCompany/function-source.zip","generation":"1774228418941848"}},"dockerRegistry":"ARTIFACT_REGISTRY","serviceAccount":"projects/buslink-prod/serviceAccounts/1040702853398-compute@developer.gserviceaccount.com","automaticUpdatePolicy":{}},"serviceConfig":{"service":"projects/buslink-prod/locations/us-central1/services/sendnoticetocompany","timeoutSeconds":60,"environmentVariables":{"FIREBASE_CONFIG":"{\"projectId\":\"buslink-prod\",\"storageBucket\":\"buslink-prod.firebasestorage.app\"}","GCLOUD_PROJECT":"buslink-prod","EVENTARC_CLOUD_EVENT_SOURCE":"projects/buslink-prod/locations/us-central1/services/sendNoticeToCompany","FUNCTION_SIGNATURE_TYPE":"cloudevent","FUNCTION_TARGET":"sendNoticeToCompany","LOG_EXECUTION_ID":"true"},"ingressSettings":"ALLOW_ALL","uri":"https://sendnoticetocompany-qg3deapdcq-uc.a.run.app","serviceAccountEmail":"1040702853398-compute@developer.gserviceaccount.com","availableMemory":"256Mi","allTrafficOnLatestRevision":true,"revision":"sendnoticetocompany-00002-zih","maxInstanceRequestConcurrency":80,"availableCpu":"1"},"eventTrigger":{"trigger":"projects/buslink-prod/locations/asia-northeast3/triggers/sendnoticetocompany-069852","triggerRegion":"asia-northeast3","eventType":"google.cloud.firestore.document.v1.created","eventFilters":[{"attribute":"database","value":"(default)"},{"attribute":"namespace","value":"(default)"},{"attribute":"document","value":"fcmQueue/{queueId}","operator":"match-path-pattern"}],"pubsubTopic":"projects/buslink-prod/topics/eventarc-asia-northeast3-sendnoticetocompany-069852-430","serviceAccountEmail":"1040702853398-compute@developer.gserviceaccount.com","retryPolicy":"RETRY_POLICY_DO_NOT_RETRY"},"state":"ACTIVE","labels":{"deployment-tool":"cli-firebase","firebase-functions-hash":"aca64d57bee595d54452ce3c3b9b091520014b3e"},"environment":"GEN_2","url":"https://us-central1-buslink-prod.cloudfunctions.net/sendNoticeToCompany","satisfiesPzi":true},"stages":[{"name":"BUILD","message":"Build in progress","state":"IN_PROGRESS","resource":"projects/1040702853398/locations/us-central1/builds/7e6f81be-a906-4edf-a991-adc6f60ca156","resourceUri":"https://console.cloud.google.com/cloud-build/builds;region=us-central1/7e6f81be-a906-4edf-a991-adc6f60ca156?project=1040702853398"},{"name":"SERVICE","state":"NOT_STARTED"},{"name":"TRIGGER","state":"NOT_STARTED"}],"operationType":"UPDATE_FUNCTION","buildName":"projects/1040702853398/locations/us-central1/builds/7e6f81be-a906-4edf-a991-adc6f60ca156"},"done":false}
[debug] [2026-03-23T02:19:29.822Z] [update-default-us-central1-sendNoticeToCompany] Retrying task index 0
[debug] [2026-03-23T02:19:29.823Z] Checked if tokens are valid: true, expires at: 1774235253878
[debug] [2026-03-23T02:19:29.823Z] Checked if tokens are valid: true, expires at: 1774235253878
[debug] [2026-03-23T02:19:29.823Z] >>> [apiv2][query] GET https://cloudfunctions.googleapis.com/v2/projects/buslink-prod/locations/us-central1/operations/operation-1774232368674-64da7aa157571-a87dfe5f-e4354f46 [none]
[debug] [2026-03-23T02:19:30.903Z] <<< [apiv2][status] GET https://cloudfunctions.googleapis.com/v2/projects/buslink-prod/locations/us-central1/operations/operation-1774232368674-64da7aa157571-a87dfe5f-e4354f46 200
[debug] [2026-03-23T02:19:30.903Z] <<< [apiv2][body] GET https://cloudfunctions.googleapis.com/v2/projects/buslink-prod/locations/us-central1/operations/operation-1774232368674-64da7aa157571-a87dfe5f-e4354f46 {"name":"projects/buslink-prod/locations/us-central1/operations/operation-1774232368674-64da7aa157571-a87dfe5f-e4354f46","metadata":{"@type":"type.googleapis.com/google.cloud.functions.v2.OperationMetadata","createTime":"2026-03-23T02:19:29.919740690Z","target":"projects/buslink-prod/locations/us-central1/functions/sendNoticeToCompany","verb":"update","cancelRequested":false,"apiVersion":"v2","requestResource":{"@type":"type.googleapis.com/google.cloud.functions.v2.Function","name":"projects/buslink-prod/locations/us-central1/functions/sendNoticeToCompany","buildConfig":{"runtime":"nodejs22","entryPoint":"sendNoticeToCompany","source":{"storageSource":{"bucket":"gcf-v2-sources-1040702853398-us-central1","object":"sendNoticeToCompany/function-source.zip","generation":"1774232369872373"}},"environmentVariables":{"GOOGLE_NODE_RUN_SCRIPTS":""},"dockerRepository":"projects/buslink-prod/locations/us-central1/repositories/gcf-artifacts","sourceProvenance":{"resolvedStorageSource":{"bucket":"gcf-v2-sources-1040702853398-us-central1","object":"sendNoticeToCompany/function-source.zip","generation":"1774228418941848"}},"dockerRegistry":"ARTIFACT_REGISTRY","serviceAccount":"projects/buslink-prod/serviceAccounts/1040702853398-compute@developer.gserviceaccount.com","automaticUpdatePolicy":{}},"serviceConfig":{"service":"projects/buslink-prod/locations/us-central1/services/sendnoticetocompany","timeoutSeconds":60,"environmentVariables":{"FIREBASE_CONFIG":"{\"projectId\":\"buslink-prod\",\"storageBucket\":\"buslink-prod.firebasestorage.app\"}","GCLOUD_PROJECT":"buslink-prod","EVENTARC_CLOUD_EVENT_SOURCE":"projects/buslink-prod/locations/us-central1/services/sendNoticeToCompany","FUNCTION_SIGNATURE_TYPE":"cloudevent","FUNCTION_TARGET":"sendNoticeToCompany","LOG_EXECUTION_ID":"true"},"ingressSettings":"ALLOW_ALL","uri":"https://sendnoticetocompany-qg3deapdcq-uc.a.run.app","serviceAccountEmail":"1040702853398-compute@developer.gserviceaccount.com","availableMemory":"256Mi","allTrafficOnLatestRevision":true,"revision":"sendnoticetocompany-00002-zih","maxInstanceRequestConcurrency":80,"availableCpu":"1"},"eventTrigger":{"trigger":"projects/buslink-prod/locations/asia-northeast3/triggers/sendnoticetocompany-069852","triggerRegion":"asia-northeast3","eventType":"google.cloud.firestore.document.v1.created","eventFilters":[{"attribute":"database","value":"(default)"},{"attribute":"namespace","value":"(default)"},{"attribute":"document","value":"fcmQueue/{queueId}","operator":"match-path-pattern"}],"pubsubTopic":"projects/buslink-prod/topics/eventarc-asia-northeast3-sendnoticetocompany-069852-430","serviceAccountEmail":"1040702853398-compute@developer.gserviceaccount.com","retryPolicy":"RETRY_POLICY_DO_NOT_RETRY"},"state":"ACTIVE","labels":{"deployment-tool":"cli-firebase","firebase-functions-hash":"aca64d57bee595d54452ce3c3b9b091520014b3e"},"environment":"GEN_2","url":"https://us-central1-buslink-prod.cloudfunctions.net/sendNoticeToCompany","satisfiesPzi":true},"stages":[{"name":"BUILD","message":"Build in progress","state":"IN_PROGRESS","resource":"projects/1040702853398/locations/us-central1/builds/7e6f81be-a906-4edf-a991-adc6f60ca156","resourceUri":"https://console.cloud.google.com/cloud-build/builds;region=us-central1/7e6f81be-a906-4edf-a991-adc6f60ca156?project=1040702853398"},{"name":"SERVICE","state":"NOT_STARTED"},{"name":"TRIGGER","state":"NOT_STARTED"}],"operationType":"UPDATE_FUNCTION","buildName":"projects/1040702853398/locations/us-central1/builds/7e6f81be-a906-4edf-a991-adc6f60ca156"},"done":false}
[debug] [2026-03-23T02:19:32.907Z] [update-default-us-central1-sendNoticeToCompany] Retrying task index 0
[debug] [2026-03-23T02:19:32.908Z] Checked if tokens are valid: true, expires at: 1774235253878
[debug] [2026-03-23T02:19:32.908Z] Checked if tokens are valid: true, expires at: 1774235253878
[debug] [2026-03-23T02:19:32.908Z] >>> [apiv2][query] GET https://cloudfunctions.googleapis.com/v2/projects/buslink-prod/locations/us-central1/operations/operation-1774232368674-64da7aa157571-a87dfe5f-e4354f46 [none]
[debug] [2026-03-23T02:19:34.002Z] <<< [apiv2][status] GET https://cloudfunctions.googleapis.com/v2/projects/buslink-prod/locations/us-central1/operations/operation-1774232368674-64da7aa157571-a87dfe5f-e4354f46 200
[debug] [2026-03-23T02:19:34.002Z] <<< [apiv2][body] GET https://cloudfunctions.googleapis.com/v2/projects/buslink-prod/locations/us-central1/operations/operation-1774232368674-64da7aa157571-a87dfe5f-e4354f46 {"name":"projects/buslink-prod/locations/us-central1/operations/operation-1774232368674-64da7aa157571-a87dfe5f-e4354f46","metadata":{"@type":"type.googleapis.com/google.cloud.functions.v2.OperationMetadata","createTime":"2026-03-23T02:19:29.919740690Z","target":"projects/buslink-prod/locations/us-central1/functions/sendNoticeToCompany","verb":"update","cancelRequested":false,"apiVersion":"v2","requestResource":{"@type":"type.googleapis.com/google.cloud.functions.v2.Function","name":"projects/buslink-prod/locations/us-central1/functions/sendNoticeToCompany","buildConfig":{"runtime":"nodejs22","entryPoint":"sendNoticeToCompany","source":{"storageSource":{"bucket":"gcf-v2-sources-1040702853398-us-central1","object":"sendNoticeToCompany/function-source.zip","generation":"1774232369872373"}},"environmentVariables":{"GOOGLE_NODE_RUN_SCRIPTS":""},"dockerRepository":"projects/buslink-prod/locations/us-central1/repositories/gcf-artifacts","sourceProvenance":{"resolvedStorageSource":{"bucket":"gcf-v2-sources-1040702853398-us-central1","object":"sendNoticeToCompany/function-source.zip","generation":"1774228418941848"}},"dockerRegistry":"ARTIFACT_REGISTRY","serviceAccount":"projects/buslink-prod/serviceAccounts/1040702853398-compute@developer.gserviceaccount.com","automaticUpdatePolicy":{}},"serviceConfig":{"service":"projects/buslink-prod/locations/us-central1/services/sendnoticetocompany","timeoutSeconds":60,"environmentVariables":{"FIREBASE_CONFIG":"{\"projectId\":\"buslink-prod\",\"storageBucket\":\"buslink-prod.firebasestorage.app\"}","GCLOUD_PROJECT":"buslink-prod","EVENTARC_CLOUD_EVENT_SOURCE":"projects/buslink-prod/locations/us-central1/services/sendNoticeToCompany","FUNCTION_SIGNATURE_TYPE":"cloudevent","FUNCTION_TARGET":"sendNoticeToCompany","LOG_EXECUTION_ID":"true"},"ingressSettings":"ALLOW_ALL","uri":"https://sendnoticetocompany-qg3deapdcq-uc.a.run.app","serviceAccountEmail":"1040702853398-compute@developer.gserviceaccount.com","availableMemory":"256Mi","allTrafficOnLatestRevision":true,"revision":"sendnoticetocompany-00002-zih","maxInstanceRequestConcurrency":80,"availableCpu":"1"},"eventTrigger":{"trigger":"projects/buslink-prod/locations/asia-northeast3/triggers/sendnoticetocompany-069852","triggerRegion":"asia-northeast3","eventType":"google.cloud.firestore.document.v1.created","eventFilters":[{"attribute":"database","value":"(default)"},{"attribute":"namespace","value":"(default)"},{"attribute":"document","value":"fcmQueue/{queueId}","operator":"match-path-pattern"}],"pubsubTopic":"projects/buslink-prod/topics/eventarc-asia-northeast3-sendnoticetocompany-069852-430","serviceAccountEmail":"1040702853398-compute@developer.gserviceaccount.com","retryPolicy":"RETRY_POLICY_DO_NOT_RETRY"},"state":"ACTIVE","labels":{"deployment-tool":"cli-firebase","firebase-functions-hash":"aca64d57bee595d54452ce3c3b9b091520014b3e"},"environment":"GEN_2","url":"https://us-central1-buslink-prod.cloudfunctions.net/sendNoticeToCompany","satisfiesPzi":true},"stages":[{"name":"BUILD","message":"Build in progress","state":"IN_PROGRESS","resource":"projects/1040702853398/locations/us-central1/builds/7e6f81be-a906-4edf-a991-adc6f60ca156","resourceUri":"https://console.cloud.google.com/cloud-build/builds;region=us-central1/7e6f81be-a906-4edf-a991-adc6f60ca156?project=1040702853398"},{"name":"SERVICE","state":"NOT_STARTED"},{"name":"TRIGGER","state":"NOT_STARTED"}],"operationType":"UPDATE_FUNCTION","buildName":"projects/1040702853398/locations/us-central1/builds/7e6f81be-a906-4edf-a991-adc6f60ca156"},"done":false}
[debug] [2026-03-23T02:19:38.013Z] [update-default-us-central1-sendNoticeToCompany] Retrying task index 0
[debug] [2026-03-23T02:19:38.013Z] Checked if tokens are valid: true, expires at: 1774235253878
[debug] [2026-03-23T02:19:38.013Z] Checked if tokens are valid: true, expires at: 1774235253878
[debug] [2026-03-23T02:19:38.014Z] >>> [apiv2][query] GET https://cloudfunctions.googleapis.com/v2/projects/buslink-prod/locations/us-central1/operations/operation-1774232368674-64da7aa157571-a87dfe5f-e4354f46 [none]
[debug] [2026-03-23T02:19:38.241Z] <<< [apiv2][status] GET https://cloudfunctions.googleapis.com/v2/projects/buslink-prod/locations/us-central1/operations/operation-1774232368674-64da7aa157571-a87dfe5f-e4354f46 200
[debug] [2026-03-23T02:19:38.241Z] <<< [apiv2][body] GET https://cloudfunctions.googleapis.com/v2/projects/buslink-prod/locations/us-central1/operations/operation-1774232368674-64da7aa157571-a87dfe5f-e4354f46 {"name":"projects/buslink-prod/locations/us-central1/operations/operation-1774232368674-64da7aa157571-a87dfe5f-e4354f46","metadata":{"@type":"type.googleapis.com/google.cloud.functions.v2.OperationMetadata","createTime":"2026-03-23T02:19:29.919740690Z","target":"projects/buslink-prod/locations/us-central1/functions/sendNoticeToCompany","verb":"update","cancelRequested":false,"apiVersion":"v2","requestResource":{"@type":"type.googleapis.com/google.cloud.functions.v2.Function","name":"projects/buslink-prod/locations/us-central1/functions/sendNoticeToCompany","buildConfig":{"runtime":"nodejs22","entryPoint":"sendNoticeToCompany","source":{"storageSource":{"bucket":"gcf-v2-sources-1040702853398-us-central1","object":"sendNoticeToCompany/function-source.zip","generation":"1774232369872373"}},"environmentVariables":{"GOOGLE_NODE_RUN_SCRIPTS":""},"dockerRepository":"projects/buslink-prod/locations/us-central1/repositories/gcf-artifacts","sourceProvenance":{"resolvedStorageSource":{"bucket":"gcf-v2-sources-1040702853398-us-central1","object":"sendNoticeToCompany/function-source.zip","generation":"1774228418941848"}},"dockerRegistry":"ARTIFACT_REGISTRY","serviceAccount":"projects/buslink-prod/serviceAccounts/1040702853398-compute@developer.gserviceaccount.com","automaticUpdatePolicy":{}},"serviceConfig":{"service":"projects/buslink-prod/locations/us-central1/services/sendnoticetocompany","timeoutSeconds":60,"environmentVariables":{"FIREBASE_CONFIG":"{\"projectId\":\"buslink-prod\",\"storageBucket\":\"buslink-prod.firebasestorage.app\"}","GCLOUD_PROJECT":"buslink-prod","EVENTARC_CLOUD_EVENT_SOURCE":"projects/buslink-prod/locations/us-central1/services/sendNoticeToCompany","FUNCTION_SIGNATURE_TYPE":"cloudevent","FUNCTION_TARGET":"sendNoticeToCompany","LOG_EXECUTION_ID":"true"},"ingressSettings":"ALLOW_ALL","uri":"https://sendnoticetocompany-qg3deapdcq-uc.a.run.app","serviceAccountEmail":"1040702853398-compute@developer.gserviceaccount.com","availableMemory":"256Mi","allTrafficOnLatestRevision":true,"revision":"sendnoticetocompany-00002-zih","maxInstanceRequestConcurrency":80,"availableCpu":"1"},"eventTrigger":{"trigger":"projects/buslink-prod/locations/asia-northeast3/triggers/sendnoticetocompany-069852","triggerRegion":"asia-northeast3","eventType":"google.cloud.firestore.document.v1.created","eventFilters":[{"attribute":"database","value":"(default)"},{"attribute":"namespace","value":"(default)"},{"attribute":"document","value":"fcmQueue/{queueId}","operator":"match-path-pattern"}],"pubsubTopic":"projects/buslink-prod/topics/eventarc-asia-northeast3-sendnoticetocompany-069852-430","serviceAccountEmail":"1040702853398-compute@developer.gserviceaccount.com","retryPolicy":"RETRY_POLICY_DO_NOT_RETRY"},"state":"ACTIVE","labels":{"deployment-tool":"cli-firebase","firebase-functions-hash":"aca64d57bee595d54452ce3c3b9b091520014b3e"},"environment":"GEN_2","url":"https://us-central1-buslink-prod.cloudfunctions.net/sendNoticeToCompany","satisfiesPzi":true},"stages":[{"name":"BUILD","message":"Build in progress","state":"IN_PROGRESS","resource":"projects/1040702853398/locations/us-central1/builds/7e6f81be-a906-4edf-a991-adc6f60ca156","resourceUri":"https://console.cloud.google.com/cloud-build/builds;region=us-central1/7e6f81be-a906-4edf-a991-adc6f60ca156?project=1040702853398"},{"name":"SERVICE","state":"NOT_STARTED"},{"name":"TRIGGER","state":"NOT_STARTED"}],"operationType":"UPDATE_FUNCTION","buildName":"projects/1040702853398/locations/us-central1/builds/7e6f81be-a906-4edf-a991-adc6f60ca156"},"done":false}
[debug] [2026-03-23T02:19:46.254Z] [update-default-us-central1-sendNoticeToCompany] Retrying task index 0
[debug] [2026-03-23T02:19:46.254Z] Checked if tokens are valid: true, expires at: 1774235253878
[debug] [2026-03-23T02:19:46.255Z] Checked if tokens are valid: true, expires at: 1774235253878
[debug] [2026-03-23T02:19:46.255Z] >>> [apiv2][query] GET https://cloudfunctions.googleapis.com/v2/projects/buslink-prod/locations/us-central1/operations/operation-1774232368674-64da7aa157571-a87dfe5f-e4354f46 [none]
[debug] [2026-03-23T02:19:47.341Z] <<< [apiv2][status] GET https://cloudfunctions.googleapis.com/v2/projects/buslink-prod/locations/us-central1/operations/operation-1774232368674-64da7aa157571-a87dfe5f-e4354f46 200
[debug] [2026-03-23T02:19:47.342Z] <<< [apiv2][body] GET https://cloudfunctions.googleapis.com/v2/projects/buslink-prod/locations/us-central1/operations/operation-1774232368674-64da7aa157571-a87dfe5f-e4354f46 {"name":"projects/buslink-prod/locations/us-central1/operations/operation-1774232368674-64da7aa157571-a87dfe5f-e4354f46","metadata":{"@type":"type.googleapis.com/google.cloud.functions.v2.OperationMetadata","createTime":"2026-03-23T02:19:29.919740690Z","target":"projects/buslink-prod/locations/us-central1/functions/sendNoticeToCompany","verb":"update","cancelRequested":false,"apiVersion":"v2","requestResource":{"@type":"type.googleapis.com/google.cloud.functions.v2.Function","name":"projects/buslink-prod/locations/us-central1/functions/sendNoticeToCompany","buildConfig":{"runtime":"nodejs22","entryPoint":"sendNoticeToCompany","source":{"storageSource":{"bucket":"gcf-v2-sources-1040702853398-us-central1","object":"sendNoticeToCompany/function-source.zip","generation":"1774232369872373"}},"environmentVariables":{"GOOGLE_NODE_RUN_SCRIPTS":""},"dockerRepository":"projects/buslink-prod/locations/us-central1/repositories/gcf-artifacts","sourceProvenance":{"resolvedStorageSource":{"bucket":"gcf-v2-sources-1040702853398-us-central1","object":"sendNoticeToCompany/function-source.zip","generation":"1774228418941848"}},"dockerRegistry":"ARTIFACT_REGISTRY","serviceAccount":"projects/buslink-prod/serviceAccounts/1040702853398-compute@developer.gserviceaccount.com","automaticUpdatePolicy":{}},"serviceConfig":{"service":"projects/buslink-prod/locations/us-central1/services/sendnoticetocompany","timeoutSeconds":60,"environmentVariables":{"FIREBASE_CONFIG":"{\"projectId\":\"buslink-prod\",\"storageBucket\":\"buslink-prod.firebasestorage.app\"}","GCLOUD_PROJECT":"buslink-prod","EVENTARC_CLOUD_EVENT_SOURCE":"projects/buslink-prod/locations/us-central1/services/sendNoticeToCompany","FUNCTION_SIGNATURE_TYPE":"cloudevent","FUNCTION_TARGET":"sendNoticeToCompany","LOG_EXECUTION_ID":"true"},"ingressSettings":"ALLOW_ALL","uri":"https://sendnoticetocompany-qg3deapdcq-uc.a.run.app","serviceAccountEmail":"1040702853398-compute@developer.gserviceaccount.com","availableMemory":"256Mi","allTrafficOnLatestRevision":true,"revision":"sendnoticetocompany-00002-zih","maxInstanceRequestConcurrency":80,"availableCpu":"1"},"eventTrigger":{"trigger":"projects/buslink-prod/locations/asia-northeast3/triggers/sendnoticetocompany-069852","triggerRegion":"asia-northeast3","eventType":"google.cloud.firestore.document.v1.created","eventFilters":[{"attribute":"database","value":"(default)"},{"attribute":"namespace","value":"(default)"},{"attribute":"document","value":"fcmQueue/{queueId}","operator":"match-path-pattern"}],"pubsubTopic":"projects/buslink-prod/topics/eventarc-asia-northeast3-sendnoticetocompany-069852-430","serviceAccountEmail":"1040702853398-compute@developer.gserviceaccount.com","retryPolicy":"RETRY_POLICY_DO_NOT_RETRY"},"state":"ACTIVE","labels":{"deployment-tool":"cli-firebase","firebase-functions-hash":"aca64d57bee595d54452ce3c3b9b091520014b3e"},"environment":"GEN_2","url":"https://us-central1-buslink-prod.cloudfunctions.net/sendNoticeToCompany","satisfiesPzi":true},"stages":[{"name":"BUILD","message":"Build in progress","state":"IN_PROGRESS","resource":"projects/1040702853398/locations/us-central1/builds/7e6f81be-a906-4edf-a991-adc6f60ca156","resourceUri":"https://console.cloud.google.com/cloud-build/builds;region=us-central1/7e6f81be-a906-4edf-a991-adc6f60ca156?project=1040702853398"},{"name":"SERVICE","state":"NOT_STARTED"},{"name":"TRIGGER","state":"NOT_STARTED"}],"operationType":"UPDATE_FUNCTION","buildName":"projects/1040702853398/locations/us-central1/builds/7e6f81be-a906-4edf-a991-adc6f60ca156"},"done":false}
